2022-04-22T09:53:59+00:00 DEBUG POST https://connect.woocommerce.com/ppc/v2/customer/partner-referrals
Request Body: {"partner_config_override":{"partner_logo_url":"https:\/\/connect.woocommerce.com\/images\/woocommerce_logo.png","return_url":"https:\/\/localhost\/wordpress\/wp-admin\/admin.php?page=wc-settings&tab=checkout&section=ppcp-gateway","return_url_description":"Return to your shop.","show_add_credit_card":true},"products":["PPCP"],"legal_consents":[{"type":"SHARE_DATA_CONSENT","granted":true}],"operations":[{"operation":"API_INTEGRATION","api_integration_preference":{"rest_api_integration":{"integration_method":"PAYPAL","integration_type":"FIRST_PARTY","first_party_details":{"features":["PAYMENT","FUTURE_PAYMENT","REFUND","ADVANCED_TRANSACTIONS_SEARCH","VAULT"],"seller_nonce":"a1233wtergfsdt4365tzrshgfbaewa36AGa1233wtergfsdt4365tzrshgfbaewa36AG"}}}}]}
Response Debug ID: e9d90c9e7d81e
Response: Array
(
    [code] => 201
    [message] => Created
)


2022-04-22T09:54:00+00:00 DEBUG POST https://connect.woocommerce.com/ppc/v2/customer/partner-referrals
Request Body: {"partner_config_override":{"partner_logo_url":"https:\/\/connect.woocommerce.com\/images\/woocommerce_logo.png","return_url":"https:\/\/localhost\/wordpress\/wp-admin\/admin.php?page=wc-settings&tab=checkout&section=ppcp-gateway","return_url_description":"Return to your shop.","show_add_credit_card":true},"products":["EXPRESS_CHECKOUT"],"legal_consents":[{"type":"SHARE_DATA_CONSENT","granted":true}],"operations":[{"operation":"API_INTEGRATION","api_integration_preference":{"rest_api_integration":{"integration_method":"PAYPAL","integration_type":"FIRST_PARTY","first_party_details":{"features":["PAYMENT","FUTURE_PAYMENT","REFUND","ADVANCED_TRANSACTIONS_SEARCH","VAULT"],"seller_nonce":"a1233wtergfsdt4365tzrshgfbaewa36AGa1233wtergfsdt4365tzrshgfbaewa36AG"}}}}]}
Response Debug ID: 4834000684ef0
Response: Array
(
    [code] => 201
    [message] => Created
)


2022-04-22T10:21:40+00:00 DEBUG POST https://connect.woocommerce.com/ppc/v2/customer/partner-referrals
Request Body: {"partner_config_override":{"partner_logo_url":"https:\/\/connect.woocommerce.com\/images\/woocommerce_logo.png","return_url":"https:\/\/localhost\/wordpress\/wp-admin\/admin.php?page=wc-settings&tab=checkout&section=ppcp-gateway","return_url_description":"Return to your shop.","show_add_credit_card":true},"products":["PPCP"],"legal_consents":[{"type":"SHARE_DATA_CONSENT","granted":true}],"operations":[{"operation":"API_INTEGRATION","api_integration_preference":{"rest_api_integration":{"integration_method":"PAYPAL","integration_type":"FIRST_PARTY","first_party_details":{"features":["PAYMENT","FUTURE_PAYMENT","REFUND","ADVANCED_TRANSACTIONS_SEARCH","VAULT"],"seller_nonce":"a1233wtergfsdt4365tzrshgfbaewa36AGa1233wtergfsdt4365tzrshgfbaewa36AG"}}}}]}
Response Debug ID: 66e0139bd9816
Response: Array
(
    [code] => 201
    [message] => Created
)


2022-04-22T10:21:41+00:00 DEBUG POST https://connect.woocommerce.com/ppc/v2/customer/partner-referrals
Request Body: {"partner_config_override":{"partner_logo_url":"https:\/\/connect.woocommerce.com\/images\/woocommerce_logo.png","return_url":"https:\/\/localhost\/wordpress\/wp-admin\/admin.php?page=wc-settings&tab=checkout&section=ppcp-gateway","return_url_description":"Return to your shop.","show_add_credit_card":true},"products":["EXPRESS_CHECKOUT"],"legal_consents":[{"type":"SHARE_DATA_CONSENT","granted":true}],"operations":[{"operation":"API_INTEGRATION","api_integration_preference":{"rest_api_integration":{"integration_method":"PAYPAL","integration_type":"FIRST_PARTY","first_party_details":{"features":["PAYMENT","FUTURE_PAYMENT","REFUND","ADVANCED_TRANSACTIONS_SEARCH","VAULT"],"seller_nonce":"a1233wtergfsdt4365tzrshgfbaewa36AGa1233wtergfsdt4365tzrshgfbaewa36AG"}}}}]}
Response Debug ID: 82ccc493ac36a
Response: Array
(
    [code] => 201
    [message] => Created
)


2022-04-22T10:32:57+00:00 DEBUG POST https://connect.woocommerce.com/ppc/v2/customer/partner-referrals
Request Body: {"partner_config_override":{"partner_logo_url":"https:\/\/connect.woocommerce.com\/images\/woocommerce_logo.png","return_url":"https:\/\/localhost\/wordpress\/wp-admin\/admin.php?page=wc-settings&tab=checkout&section=ppcp-gateway","return_url_description":"Return to your shop.","show_add_credit_card":true},"products":["PPCP"],"legal_consents":[{"type":"SHARE_DATA_CONSENT","granted":true}],"operations":[{"operation":"API_INTEGRATION","api_integration_preference":{"rest_api_integration":{"integration_method":"PAYPAL","integration_type":"FIRST_PARTY","first_party_details":{"features":["PAYMENT","FUTURE_PAYMENT","REFUND","ADVANCED_TRANSACTIONS_SEARCH","VAULT"],"seller_nonce":"a1233wtergfsdt4365tzrshgfbaewa36AGa1233wtergfsdt4365tzrshgfbaewa36AG"}}}}]}
Response Debug ID: ebd405deb60a0
Response: Array
(
    [code] => 201
    [message] => Created
)


2022-04-22T10:32:58+00:00 DEBUG POST https://connect.woocommerce.com/ppc/v2/customer/partner-referrals
Request Body: {"partner_config_override":{"partner_logo_url":"https:\/\/connect.woocommerce.com\/images\/woocommerce_logo.png","return_url":"https:\/\/localhost\/wordpress\/wp-admin\/admin.php?page=wc-settings&tab=checkout&section=ppcp-gateway","return_url_description":"Return to your shop.","show_add_credit_card":true},"products":["EXPRESS_CHECKOUT"],"legal_consents":[{"type":"SHARE_DATA_CONSENT","granted":true}],"operations":[{"operation":"API_INTEGRATION","api_integration_preference":{"rest_api_integration":{"integration_method":"PAYPAL","integration_type":"FIRST_PARTY","first_party_details":{"features":["PAYMENT","FUTURE_PAYMENT","REFUND","ADVANCED_TRANSACTIONS_SEARCH","VAULT"],"seller_nonce":"a1233wtergfsdt4365tzrshgfbaewa36AGa1233wtergfsdt4365tzrshgfbaewa36AG"}}}}]}
Response Debug ID: 6170428734520
Response: Array
(
    [code] => 201
    [message] => Created
)


2022-04-22T11:18:04+00:00 DEBUG POST https://connect.woocommerce.com/ppc/v2/customer/partner-referrals
Request Body: {"partner_config_override":{"partner_logo_url":"https:\/\/connect.woocommerce.com\/images\/woocommerce_logo.png","return_url":"https:\/\/localhost\/wordpress\/wp-admin\/admin.php?page=wc-settings&tab=checkout&section=ppcp-gateway","return_url_description":"Return to your shop.","show_add_credit_card":true},"products":["PPCP"],"legal_consents":[{"type":"SHARE_DATA_CONSENT","granted":true}],"operations":[{"operation":"API_INTEGRATION","api_integration_preference":{"rest_api_integration":{"integration_method":"PAYPAL","integration_type":"FIRST_PARTY","first_party_details":{"features":["PAYMENT","FUTURE_PAYMENT","REFUND","ADVANCED_TRANSACTIONS_SEARCH","VAULT"],"seller_nonce":"a1233wtergfsdt4365tzrshgfbaewa36AGa1233wtergfsdt4365tzrshgfbaewa36AG"}}}}]}
Response Debug ID: c3ee681006774
Response: Array
(
    [code] => 201
    [message] => Created
)


2022-04-22T11:18:05+00:00 DEBUG POST https://connect.woocommerce.com/ppc/v2/customer/partner-referrals
Request Body: {"partner_config_override":{"partner_logo_url":"https:\/\/connect.woocommerce.com\/images\/woocommerce_logo.png","return_url":"https:\/\/localhost\/wordpress\/wp-admin\/admin.php?page=wc-settings&tab=checkout&section=ppcp-gateway","return_url_description":"Return to your shop.","show_add_credit_card":true},"products":["EXPRESS_CHECKOUT"],"legal_consents":[{"type":"SHARE_DATA_CONSENT","granted":true}],"operations":[{"operation":"API_INTEGRATION","api_integration_preference":{"rest_api_integration":{"integration_method":"PAYPAL","integration_type":"FIRST_PARTY","first_party_details":{"features":["PAYMENT","FUTURE_PAYMENT","REFUND","ADVANCED_TRANSACTIONS_SEARCH","VAULT"],"seller_nonce":"a1233wtergfsdt4365tzrshgfbaewa36AGa1233wtergfsdt4365tzrshgfbaewa36AG"}}}}]}
Response Debug ID: d3ec62b3edd77
Response: Array
(
    [code] => 201
    [message] => Created
)


